10.1.2025, 20:38:49 - INFO - Currently using: Compass
10.1.2025, 20:38:49 - INFO - server.js loaded...
10.1.2025, 20:38:49 - INFO - Server is running on port: 3030
10.1.2025, 20:38:49 - INFO - Currently using: Compass
10.1.2025, 20:38:49 - INFO - Server is running on port: 3030
10.1.2025, 20:38:49 - INFO - server.js loaded...
10.1.2025, 20:40:22 - INFO - Req was made | /
10.1.2025, 20:53:12 - INFO - Req was made | / | 676b63f03cd8ed37c750fc17
10.1.2025, 20:53:52 - INFO - Req was made | / | 676b63f03cd8ed37c750fc17
10.1.2025, 20:58:57 - INFO - Req was made | / | 676b63f03cd8ed37c750fc17
10.1.2025, 20:59:02 - INFO - Req was made | / | 676b63f03cd8ed37c750fc17
10.1.2025, 21:02:16 - INFO - Req was made | / | 676b63f03cd8ed37c750fc17
10.1.2025, 21:06:43 - INFO - Req was made | / | 676b63f03cd8ed37c750fc17
10.1.2025, 21:08:14 - INFO - Req was made | / | 676b63f03cd8ed37c750fc17
10.1.2025, 21:09:49 - INFO - Req was made | / | 676b63f03cd8ed37c750fc17
11.1.2025, 1:37:57 - INFO - Req was made | / | 676b63f03cd8ed37c750fc17
11.1.2025, 2:25:59 - INFO - Req was made | / | 676b63f03cd8ed37c750fc17
11.1.2025, 2:32:47 - INFO - Req was made | / | 676b63f03cd8ed37c750fc17
11.1.2025, 2:32:47 - INFO - Req was made | / | 676b63f03cd8ed37c750fc17
11.1.2025, 2:39:49 - INFO - Req was made | / | 676b63f03cd8ed37c750fc17
11.1.2025, 2:46:40 - INFO - Req was made | / | 676b63f03cd8ed37c750fc17
11.1.2025, 2:47:00 - INFO - Req was made | / | 676b63f03cd8ed37c750fc17
11.1.2025, 2:47:04 - INFO - Req was made | / | 676b63f03cd8ed37c750fc17
11.1.2025, 2:47:44 - INFO - Req was made | / | 676b63f03cd8ed37c750fc17
11.1.2025, 2:47:46 - INFO - Req was made | / | 676b63f03cd8ed37c750fc17
11.1.2025, 2:47:56 - INFO - Req was made | / | 676b63f03cd8ed37c750fc17
11.1.2025, 2:48:31 - INFO - Req was made | / | 676b63f03cd8ed37c750fc17
11.1.2025, 2:48:32 - INFO - Req was made | / | 676b63f03cd8ed37c750fc17
11.1.2025, 2:49:00 - INFO - Req was made | / | 676b63f03cd8ed37c750fc17
11.1.2025, 2:49:03 - INFO - Req was made | / | 676b63f03cd8ed37c750fc17
11.1.2025, 2:49:04 - INFO - Req was made | / | 676b63f03cd8ed37c750fc17
11.1.2025, 2:49:13 - INFO - Req was made | / | 676b63f03cd8ed37c750fc17
11.1.2025, 2:58:09 - INFO - Currently using: Compass
11.1.2025, 2:58:09 - INFO - server.js loaded...
11.1.2025, 2:58:09 - INFO - Server is running on port: 3030
11.1.2025, 2:58:10 - INFO - Currently using: Compass
11.1.2025, 2:58:10 - INFO - server.js loaded...
11.1.2025, 2:58:10 - INFO - Server is running on port: 3030
11.1.2025, 2:58:21 - INFO - Currently using: Compass
11.1.2025, 2:58:21 - INFO - server.js loaded...
11.1.2025, 2:58:21 - INFO - Server is running on port: 3030
11.1.2025, 2:59:14 - INFO - Req was made | / | 676b63f03cd8ed37c750fc17
11.1.2025, 3:18:19 - INFO - Req was made | / | 676b63f03cd8ed37c750fc17
11.1.2025, 3:18:34 - INFO - Req was made | / | 676b63f03cd8ed37c750fc17
11.1.2025, 3:20:16 - INFO - Req was made | / | 676b63f03cd8ed37c750fc17
11.1.2025, 4:33:32 - INFO - Req was made | / | 676b63f03cd8ed37c750fc17
11.1.2025, 4:41:51 - INFO - Req was made | / | 676b63f03cd8ed37c750fc17
11.1.2025, 4:47:25 - INFO - Req was made | / | 676b63f03cd8ed37c750fc17
11.1.2025, 4:57:20 - INFO - Req was made | / | 676b63f03cd8ed37c750fc17
11.1.2025, 4:58:19 - INFO - Req was made | / | 676b63f03cd8ed37c750fc17
11.1.2025, 5:03:42 - INFO - Req was made | / | 676b63f03cd8ed37c750fc17
11.1.2025, 5:04:19 - INFO - Req was made | / | 676b63f03cd8ed37c750fc17
11.1.2025, 5:05:00 - INFO - Req was made | / | 676b63f03cd8ed37c750fc17
11.1.2025, 5:05:23 - INFO - Req was made | / | 676b63f03cd8ed37c750fc17
11.1.2025, 5:05:56 - INFO - Req was made | / | 676b63f03cd8ed37c750fc17
11.1.2025, 5:22:11 - INFO - Req was made | / | 676b63f03cd8ed37c750fc17
11.1.2025, 5:25:02 - INFO - Req was made | / | 676b63f03cd8ed37c750fc17
11.1.2025, 5:31:51 - INFO - Req was made | / | 676b63f03cd8ed37c750fc17
11.1.2025, 5:32:13 - INFO - Req was made | / | 676b63f03cd8ed37c750fc17
11.1.2025, 5:35:00 - INFO - Req was made | / | 676b63f03cd8ed37c750fc17
11.1.2025, 5:37:34 - INFO - Req was made | / | 676b63f03cd8ed37c750fc17
11.1.2025, 17:11:57 - INFO - Req was made | / | 676b63f03cd8ed37c750fc17
11.1.2025, 18:16:55 - INFO - Req was made | / | 676b63f03cd8ed37c750fc17
11.1.2025, 18:18:39 - INFO - Req was made | / | 676b63f03cd8ed37c750fc17
11.1.2025, 18:55:48 - INFO - Req was made | / | 676b63f03cd8ed37c750fc17
11.1.2025, 18:57:55 - INFO - Req was made | / | 676b63f03cd8ed37c750fc17
11.1.2025, 18:58:06 - INFO - Req was made | / | 676b63f03cd8ed37c750fc17
11.1.2025, 18:58:21 - INFO - Req was made | / | 676b63f03cd8ed37c750fc17
11.1.2025, 19:32:51 - INFO - Req was made | / | 676b63f03cd8ed37c750fc17
11.1.2025, 19:34:27 - INFO - Req was made | / | 676b63f03cd8ed37c750fc17
11.1.2025, 19:37:46 - INFO - Req was made | / | 676b63f03cd8ed37c750fc17
11.1.2025, 19:41:41 - INFO - Req was made | / | 676b63f03cd8ed37c750fc17
11.1.2025, 19:47:09 - INFO - Req was made | / | 676b63f03cd8ed37c750fc17
11.1.2025, 19:55:18 - INFO - Req was made | / | 676b63f03cd8ed37c750fc17
11.1.2025, 20:01:23 - INFO - Req was made | / | 676b63f03cd8ed37c750fc17
11.1.2025, 20:14:39 - INFO - Req was made | / | 676b63f03cd8ed37c750fc17
11.1.2025, 20:16:10 - INFO - Req was made | / | 676b63f03cd8ed37c750fc17
11.1.2025, 20:20:00 - INFO - Req was made | / | 676b63f03cd8ed37c750fc17
11.1.2025, 20:20:32 - INFO - Req was made | / | 676b63f03cd8ed37c750fc17
11.1.2025, 20:21:12 - INFO - Req was made | / | 676b63f03cd8ed37c750fc17
11.1.2025, 20:22:11 - INFO - Req was made | / | 676b63f03cd8ed37c750fc17
11.1.2025, 20:30:07 - INFO - Req was made | / | 676b63f03cd8ed37c750fc17
11.1.2025, 20:32:56 - INFO - Req was made | / | 676b63f03cd8ed37c750fc17
11.1.2025, 20:33:26 - INFO - Req was made | / | 676b63f03cd8ed37c750fc17
11.1.2025, 20:56:34 - INFO - Req was made | / | 676b63f03cd8ed37c750fc17
11.1.2025, 20:56:47 - INFO - Req was made | / | 676b63f03cd8ed37c750fc17
11.1.2025, 22:21:41 - INFO - Req was made | / | 676b63f03cd8ed37c750fc17
11.1.2025, 22:30:26 - INFO - Req was made | / | 676b63f03cd8ed37c750fc17
12.1.2025, 0:48:58 - INFO - Req was made | /
12.1.2025, 1:06:20 - INFO - Req was made | /
12.1.2025, 4:53:01 - INFO - Req was made | /
12.1.2025, 19:35:55 - INFO - Req was made | /
12.1.2025, 19:37:26 - INFO - Req was made | /
12.1.2025, 22:07:51 - INFO - Req was made | /
